<?xml version="1.0" encoding="UTF-8"?>
<!-- Generated by org.testng.reporters.JUnitReportReporter -->
<testsuite skipped="0" hostname="02c963df62c4" name="com.searchmodule.tests.SearchTest" tests="5" failures="0" timestamp="02 Jun 2022 15:12:55 GMT" time="51.030" errors="0">
  <testcase name="searchPage" time="8.212" classname="com.searchmodule.tests.SearchTest"/>
  <testcase name="searchPage" time="9.051" classname="com.searchmodule.tests.SearchTest"/>
  <testcase name="searchPage" time="10.723" classname="com.searchmodule.tests.SearchTest"/>
  <testcase name="searchPage" time="15.121" classname="com.searchmodule.tests.SearchTest"/>
  <testcase name="searchPage" time="7.923" classname="com.searchmodule.tests.SearchTest"/>
</testsuite> <!-- com.searchmodule.tests.SearchTest -->
