<?xml version="1.0" encoding="UTF-8"?>
<!-- Generated by org.testng.reporters.JUnitReportReporter -->
<testsuite skipped="0" hostname="65e8d2b17f42" name="com.newtours.tests.BookFlightTest" tests="15" failures="0" timestamp="02 Jun 2022 14:52:47 GMT" time="53.310" errors="0">
  <testcase name="flightDetailsPage" time="1.546" classname="com.newtours.tests.BookFlightTest"/>
  <testcase name="flightConfirmationPage" time="0.381" classname="com.newtours.tests.BookFlightTest"/>
  <testcase name="flightDetailsPage" time="1.448" classname="com.newtours.tests.BookFlightTest"/>
  <testcase name="registrationTestPage" time="13.628" classname="com.newtours.tests.BookFlightTest"/>
  <testcase name="flightDetailsPage" time="1.501" classname="com.newtours.tests.BookFlightTest"/>
  <testcase name="registrationConfirmationPage" time="0.211" classname="com.newtours.tests.BookFlightTest"/>
  <testcase name="registrationTestPage" time="11.731" classname="com.newtours.tests.BookFlightTest"/>
  <testcase name="flightConfirmationPage" time="0.483" classname="com.newtours.tests.BookFlightTest"/>
  <testcase name="registrationConfirmationPage" time="0.442" classname="com.newtours.tests.BookFlightTest"/>
  <testcase name="findFlightPage" time="0.494" classname="com.newtours.tests.BookFlightTest"/>
  <testcase name="findFlightPage" time="0.439" classname="com.newtours.tests.BookFlightTest"/>
  <testcase name="flightConfirmationPage" time="0.510" classname="com.newtours.tests.BookFlightTest"/>
  <testcase name="registrationConfirmationPage" time="0.167" classname="com.newtours.tests.BookFlightTest"/>
  <testcase name="registrationTestPage" time="19.614" classname="com.newtours.tests.BookFlightTest"/>
  <testcase name="findFlightPage" time="0.715" classname="com.newtours.tests.BookFlightTest"/>
</testsuite> <!-- com.newtours.tests.BookFlightTest -->
