<?xml version="1.0" encoding="UTF-8"?>
<!-- Generated by org.testng.reporters.JUnitReportReporter -->
<testsuite skipped="0" hostname="21ae6b866030" name="com.searchmodule.tests.SearchTest" tests="5" failures="0" timestamp="02 Jun 2022 14:53:48 GMT" time="53.489" errors="0">
  <testcase name="searchPage" time="18.329" classname="com.searchmodule.tests.SearchTest"/>
  <testcase name="searchPage" time="6.914" classname="com.searchmodule.tests.SearchTest"/>
  <testcase name="searchPage" time="6.207" classname="com.searchmodule.tests.SearchTest"/>
  <testcase name="searchPage" time="15.582" classname="com.searchmodule.tests.SearchTest"/>
  <testcase name="searchPage" time="6.457" classname="com.searchmodule.tests.SearchTest"/>
</testsuite> <!-- com.searchmodule.tests.SearchTest -->
