<?xml version="1.0" encoding="UTF-8"?>
<!-- Generated by org.testng.reporters.JUnitReportReporter -->
<testsuite skipped="0" hostname="62d11bca1e3d" name="com.newtours.tests.BookFlightTest" tests="15" failures="0" timestamp="02 Jun 2022 15:09:32 GMT" time="61.102" errors="0">
  <testcase name="registrationConfirmationPage" time="1.224" classname="com.newtours.tests.BookFlightTest"/>
  <testcase name="findFlightPage" time="0.491" classname="com.newtours.tests.BookFlightTest"/>
  <testcase name="registrationConfirmationPage" time="0.266" classname="com.newtours.tests.BookFlightTest"/>
  <testcase name="registrationTestPage" time="16.104" classname="com.newtours.tests.BookFlightTest"/>
  <testcase name="findFlightPage" time="0.402" classname="com.newtours.tests.BookFlightTest"/>
  <testcase name="registrationTestPage" time="16.257" classname="com.newtours.tests.BookFlightTest"/>
  <testcase name="flightDetailsPage" time="1.722" classname="com.newtours.tests.BookFlightTest"/>
  <testcase name="flightDetailsPage" time="3.550" classname="com.newtours.tests.BookFlightTest"/>
  <testcase name="flightConfirmationPage" time="0.333" classname="com.newtours.tests.BookFlightTest"/>
  <testcase name="flightConfirmationPage" time="2.278" classname="com.newtours.tests.BookFlightTest"/>
  <testcase name="registrationTestPage" time="15.820" classname="com.newtours.tests.BookFlightTest"/>
  <testcase name="flightDetailsPage" time="1.428" classname="com.newtours.tests.BookFlightTest"/>
  <testcase name="findFlightPage" time="0.581" classname="com.newtours.tests.BookFlightTest"/>
  <testcase name="registrationConfirmationPage" time="0.237" classname="com.newtours.tests.BookFlightTest"/>
  <testcase name="flightConfirmationPage" time="0.409" classname="com.newtours.tests.BookFlightTest"/>
</testsuite> <!-- com.newtours.tests.BookFlightTest -->
