<?xml version="1.0" encoding="UTF-8"?>
<!-- Generated by org.testng.reporters.JUnitReportReporter -->
<testsuite skipped="0" hostname="8bb3a442ef68" name="com.searchmodule.tests.SearchTest" tests="5" failures="0" timestamp="31 May 2022 20:54:26 GMT" time="33.128" errors="0">
  <testcase name="searchPage" time="7.966" classname="com.searchmodule.tests.SearchTest"/>
  <testcase name="searchPage" time="7.795" classname="com.searchmodule.tests.SearchTest"/>
  <testcase name="searchPage" time="5.672" classname="com.searchmodule.tests.SearchTest"/>
  <testcase name="searchPage" time="5.655" classname="com.searchmodule.tests.SearchTest"/>
  <testcase name="searchPage" time="6.040" classname="com.searchmodule.tests.SearchTest"/>
</testsuite> <!-- com.searchmodule.tests.SearchTest -->
