<?xml version="1.0" encoding="UTF-8"?>
<!-- Generated by org.testng.reporters.JUnitReportReporter -->
<testsuite skipped="0" hostname="9c96505f4b1e" name="com.searchmodule.tests.SearchTest" tests="5" failures="0" timestamp="02 Jun 2022 15:12:23 GMT" time="70.838" errors="0">
  <testcase name="searchPage" time="11.302" classname="com.searchmodule.tests.SearchTest"/>
  <testcase name="searchPage" time="7.149" classname="com.searchmodule.tests.SearchTest"/>
  <testcase name="searchPage" time="14.623" classname="com.searchmodule.tests.SearchTest"/>
  <testcase name="searchPage" time="28.484" classname="com.searchmodule.tests.SearchTest"/>
  <testcase name="searchPage" time="9.280" classname="com.searchmodule.tests.SearchTest"/>
</testsuite> <!-- com.searchmodule.tests.SearchTest -->
