<?xml version="1.0" encoding="UTF-8"?>
<!-- Generated by org.testng.reporters.JUnitReportReporter -->
<testsuite skipped="0" hostname="86407613fab7" name="com.newtours.tests.BookFlightTest" tests="15" failures="0" timestamp="02 Jun 2022 15:09:53 GMT" time="57.550" errors="0">
  <testcase name="flightConfirmationPage" time="0.783" classname="com.newtours.tests.BookFlightTest"/>
  <testcase name="flightDetailsPage" time="1.462" classname="com.newtours.tests.BookFlightTest"/>
  <testcase name="registrationTestPage" time="22.097" classname="com.newtours.tests.BookFlightTest"/>
  <testcase name="findFlightPage" time="0.503" classname="com.newtours.tests.BookFlightTest"/>
  <testcase name="registrationConfirmationPage" time="0.183" classname="com.newtours.tests.BookFlightTest"/>
  <testcase name="findFlightPage" time="0.610" classname="com.newtours.tests.BookFlightTest"/>
  <testcase name="flightDetailsPage" time="1.585" classname="com.newtours.tests.BookFlightTest"/>
  <testcase name="registrationConfirmationPage" time="0.243" classname="com.newtours.tests.BookFlightTest"/>
  <testcase name="flightConfirmationPage" time="0.400" classname="com.newtours.tests.BookFlightTest"/>
  <testcase name="registrationTestPage" time="9.647" classname="com.newtours.tests.BookFlightTest"/>
  <testcase name="findFlightPage" time="0.586" classname="com.newtours.tests.BookFlightTest"/>
  <testcase name="registrationTestPage" time="17.225" classname="com.newtours.tests.BookFlightTest"/>
  <testcase name="flightDetailsPage" time="1.545" classname="com.newtours.tests.BookFlightTest"/>
  <testcase name="flightConfirmationPage" time="0.475" classname="com.newtours.tests.BookFlightTest"/>
  <testcase name="registrationConfirmationPage" time="0.206" classname="com.newtours.tests.BookFlightTest"/>
</testsuite> <!-- com.newtours.tests.BookFlightTest -->
